no checksums to verify
installing to /gscratch/stf/rpande/lora-context-distillation/bin
  uv
  uvx
everything's installed!
uv 0.9.9

----------------------------------------------------------------------------
  cesg/python: cesg/python/3.8.10
----------------------------------------------------------------------------

    This module can be loaded directly: module load cesg/python/3.8.10

    Help:
      The Python programming language.
      


----------------------------------------------------------------------------
  coenv/python: coenv/python/3.11.9
----------------------------------------------------------------------------

    This module can be loaded directly: module load coenv/python/3.11.9

    Help:
      The Python programming language.
      


----------------------------------------------------------------------------
  foster/python/miniconda: foster/python/miniconda/3.8
----------------------------------------------------------------------------
    Description:
      Miniconda is a lightweight version of the Anaconda Python
      distribution


    This module can be loaded directly: module load foster/python/miniconda/3.8

    Help:
      python 3.8
      


 

