downloading uv 0.9.9 x86_64-unknown-linux-gnu
warning: Failed to parse `pyproject.toml` during settings discovery:
  TOML parse error at line 34, column 10
     |
  34 | [tool.uv.indexes]
     |          ^^^^^^^
  unknown field `indexes`, expected one of `required-version`, `native-tls`, `offline`, `no-cache`, `cache-dir`, `preview`, `python-preference`, `python-downloads`, `concurrent-downloads`, `concurrent-builds`, `concurrent-installs`, `index`, `index-url`, `extra-index-url`, `no-index`, `find-links`, `index-strategy`, `keyring-provider`, `allow-insecure-host`, `resolution`, `prerelease`, `fork-strategy`, `dependency-metadata`, `config-settings`, `config-settings-package`, `no-build-isolation`, `no-build-isolation-package`, `extra-build-dependencies`, `extra-build-variables`, `exclude-newer`, `exclude-newer-package`, `link-mode`, `compile-bytecode`, `no-sources`, `upgrade`, `upgrade-package`, `reinstall`, `reinstall-package`, `no-build`, `no-build-package`, `no-binary`, `no-binary-package`, `python-install-mirror`, `pypy-install-mirror`, `python-downloads-json-url`, `publish-url`, `trusted-publishing`, `check-url`, `add-bounds`, `pip`, `cache-keys`, `override-dependencies`, `exclude-dependencies`, `constraint-dependencies`, `build-constraint-dependencies`, `environments`, `required-environments`, `conflicts`, `workspace`, `sources`, `managed`, `package`, `default-groups`, `dependency-groups`, `dev-dependencies`, `build-backend`

Using CPython 3.11.9 interpreter at: /mmfs1/sw/contrib/coenv-src/python/3.11.9/bin/python3.11
warning: The requested interpreter resolved to Python 3.11.9, which is incompatible with the project's Python requirement: `==3.10.*` (from `project.requires-python`)
Creating virtual environment at: /gscratch/stf/rpande/lora-context-distillation/.venv
Activate with: source /gscratch/stf/rpande/lora-context-distillation/.venv/bin/activate
warning: Failed to parse `pyproject.toml` during settings discovery:
  TOML parse error at line 34, column 10
     |
  34 | [tool.uv.indexes]
     |          ^^^^^^^
  unknown field `indexes`, expected one of `required-version`, `native-tls`, `offline`, `no-cache`, `cache-dir`, `preview`, `python-preference`, `python-downloads`, `concurrent-downloads`, `concurrent-builds`, `concurrent-installs`, `index`, `index-url`, `extra-index-url`, `no-index`, `find-links`, `index-strategy`, `keyring-provider`, `allow-insecure-host`, `resolution`, `prerelease`, `fork-strategy`, `dependency-metadata`, `config-settings`, `config-settings-package`, `no-build-isolation`, `no-build-isolation-package`, `extra-build-dependencies`, `extra-build-variables`, `exclude-newer`, `exclude-newer-package`, `link-mode`, `compile-bytecode`, `no-sources`, `upgrade`, `upgrade-package`, `reinstall`, `reinstall-package`, `no-build`, `no-build-package`, `no-binary`, `no-binary-package`, `python-install-mirror`, `pypy-install-mirror`, `python-downloads-json-url`, `publish-url`, `trusted-publishing`, `check-url`, `add-bounds`, `pip`, `cache-keys`, `override-dependencies`, `exclude-dependencies`, `constraint-dependencies`, `build-constraint-dependencies`, `environments`, `required-environments`, `conflicts`, `workspace`, `sources`, `managed`, `package`, `default-groups`, `dependency-groups`, `dev-dependencies`, `build-backend`

Downloading cpython-3.10.19-linux-x86_64-gnu (download) (27.2MiB)
error: Failed to extract archive: cpython-3.10.19-20251031-x86_64-unknown-linux-gnu-install_only_stripped.tar.gz
  Caused by: I/O operation failed during extraction
  Caused by: failed to unpack `/mmfs1/home/rpande/.local/share/uv/python/.temp/.tmpgCqge2/python/bin/python3-config`
  Caused by: Disk quota exceeded (os error 122)
